<?xml version="1.0" encoding="UTF-8"?>
<!-- Generated by org.testng.reporters.JUnitReportReporter -->
<testsuite hostname="Mokshi" failures="0" tests="70" name="maven_diares.MAven_single.EndtoEndapplicationTestcases" time="0.102" errors="0" timestamp="2025-05-24T15:04:14 CDT" skipped="0">
  <testcase classname="maven_diares.MAven_single.EndtoEndapplicationTestcases" name="testDataRetrieval" time="0.001"/>
  <testcase classname="maven_diares.MAven_single.EndtoEndapplicationTestcases" name="testSystemConfigurability" time="0.001"/>
  <testcase classname="maven_diares.MAven_single.EndtoEndapplicationTestcases" name="testUserRegistration" time="0.001"/>
  <testcase classname="maven_diares.MAven_single.EndtoEndapplicationTestcases" name="testVersionControl" time="0.001"/>
  <testcase classname="maven_diares.MAven_single.EndtoEndapplicationTestcases" name="testUIComponents" time="0.003"/>
  <testcase classname="maven_diares.MAven_single.EndtoEndapplicationTestcases" name="testSystemMonitoring" time="0.003"/>
  <testcase classname="maven_diares.MAven_single.EndtoEndapplicationTestcases" name="testSystemCompatibility" time="0.002"/>
  <testcase classname="maven_diares.MAven_single.EndtoEndapplicationTestcases" name="testSystemModularity" time="0.002"/>
  <testcase classname="maven_diares.MAven_single.EndtoEndapplicationTestcases" name="testDataEncryption" time="0.002"/>
  <testcase classname="maven_diares.MAven_single.EndtoEndapplicationTestcases" name="testSystemDocumentation" time="0.002"/>
  <testcase classname="maven_diares.MAven_single.EndtoEndapplicationTestcases" name="testSystemLogging" time="0.002"/>
  <testcase classname="maven_diares.MAven_single.EndtoEndapplicationTestcases" name="testAccessibilityFeatures" time="0.003"/>
  <testcase classname="maven_diares.MAven_single.EndtoEndapplicationTestcases" name="testSystemNotifications" time="0.002"/>
  <testcase classname="maven_diares.MAven_single.EndtoEndapplicationTestcases" name="testApplicationUpdate" time="0.001"/>
  <testcase classname="maven_diares.MAven_single.EndtoEndapplicationTestcases" name="testSystemPerformance" time="0.000"/>
  <testcase classname="maven_diares.MAven_single.EndtoEndapplicationTestcases" name="testUserLogin" time="0.003"/>
  <testcase classname="maven_diares.MAven_single.EndtoEndapplicationTestcases" name="testAuditTrail" time="0.002"/>
  <testcase classname="maven_diares.MAven_single.EndtoEndapplicationTestcases" name="testUserAnalytics" time="0.001"/>
  <testcase classname="maven_diares.MAven_single.EndtoEndapplicationTestcases" name="testSystemRecovery" time="0.001"/>
  <testcase classname="maven_diares.MAven_single.EndtoEndapplicationTestcases" name="testLoadBalancing" time="0.001"/>
  <testcase classname="maven_diares.MAven_single.EndtoEndapplicationTestcases" name="testSystemRestoration" time="0.003"/>
  <testcase classname="maven_diares.MAven_single.EndtoEndapplicationTestcases" name="testSystemSecurity" time="0.002"/>
  <testcase classname="maven_diares.MAven_single.EndtoEndapplicationTestcases" name="testDataSubmission" time="0.003"/>
  <testcase classname="maven_diares.MAven_single.EndtoEndapplicationTestcases" name="testSecurityFeatures" time="0.000"/>
  <testcase classname="maven_diares.MAven_single.EndtoEndapplicationTestcases" name="testUserExperience" time="0.003"/>
  <testcase classname="maven_diares.MAven_single.EndtoEndapplicationTestcases" name="testDataBackup" time="0.001"/>
  <testcase classname="maven_diares.MAven_single.EndtoEndapplicationTestcases" name="testSystemIntegration" time="0.002"/>
  <testcase classname="maven_diares.MAven_single.EndtoEndapplicationTestcases" name="testThirdPartyIntegrations" time="0.001"/>
  <testcase classname="maven_diares.MAven_single.EndtoEndapplicationTestcases" name="testErrorHandling" time="0.002"/>
  <testcase classname="maven_diares.MAven_single.EndtoEndapplicationTestcases" name="testSystemDeployment" time="0.003"/>
  <testcase classname="maven_diares.MAven_single.EndtoEndapplicationTestcases" name="testPerformanceMetrics" time="0.004"/>
  <testcase classname="maven_diares.MAven_single.EndtoEndapplicationTestcases" name="testBackupAndRestore" time="0.003"/>
  <testcase classname="maven_diares.MAven_single.EndtoEndapplicationTestcases" name="testDatabaseConnection" time="0.000"/>
  <testcase classname="maven_diares.MAven_single.EndtoEndapplicationTestcases" name="testUserInterfaceResponsiveness" time="0.000"/>
  <testcase classname="maven_diares.MAven_single.EndtoEndapplicationTestcases" name="testSystemMigration" time="0.000"/>
  <testcase classname="maven_diares.MAven_single.EndtoEndapplicationTestcases" name="testSystemReliability" time="0.000"/>
  <testcase classname="maven_diares.MAven_single.EndtoEndapplicationTestcases" name="testUserFeedback" time="0.000"/>
  <testcase classname="maven_diares.MAven_single.EndtoEndapplicationTestcases" name="testDataValidation" time="0.002"/>
  <testcase classname="maven_diares.MAven_single.EndtoEndapplicationTestcases" name="testSystemReusability" time="0.002"/>
  <testcase classname="maven_diares.MAven_single.EndtoEndapplicationTestcases" name="testUserPreferences" time="0.000"/>
  <testcase classname="maven_diares.MAven_single.EndtoEndapplicationTestcases" name="testErrorLogging" time="0.002"/>
  <testcase classname="maven_diares.MAven_single.EndtoEndapplicationTestcases" name="testAPIIntegration" time="0.005"/>
  <testcase classname="maven_diares.MAven_single.EndtoEndapplicationTestcases" name="testDataSynchronization" time="0.001"/>
  <testcase classname="maven_diares.MAven_single.EndtoEndapplicationTestcases" name="testSystemInteroperability" time="0.002"/>
  <testcase classname="maven_diares.MAven_single.EndtoEndapplicationTestcases" name="testSystemExtensibility" time="0.001"/>
  <testcase classname="maven_diares.MAven_single.EndtoEndapplicationTestcases" name="testFeatureToggle" time="0.002"/>
  <testcase classname="maven_diares.MAven_single.EndtoEndapplicationTestcases" name="testMultiUserScenarios" time="0.001"/>
  <testcase classname="maven_diares.MAven_single.EndtoEndapplicationTestcases" name="testNotificationSystem" time="0.001"/>
  <testcase classname="maven_diares.MAven_single.EndtoEndapplicationTestcases" name="testUserLogout" time="0.000"/>
  <testcase classname="maven_diares.MAven_single.EndtoEndapplicationTestcases" name="testLoggingAndMonitoring" time="0.002"/>
  <testcase classname="maven_diares.MAven_single.EndtoEndapplicationTestcases" name="testSystemPortability" time="0.001"/>
  <testcase classname="maven_diares.MAven_single.EndtoEndapplicationTestcases" name="testLocalization" time="0.001"/>
  <testcase classname="maven_diares.MAven_single.EndtoEndapplicationTestcases" name="testApplicationStart" time="0.002"/>
  <testcase classname="maven_diares.MAven_single.EndtoEndapplicationTestcases" name="testSystemUsability" time="0.000"/>
  <testcase classname="maven_diares.MAven_single.EndtoEndapplicationTestcases" name="testSessionManagement" time="0.000"/>
  <testcase classname="maven_diares.MAven_single.EndtoEndapplicationTestcases" name="testCrossPlatformCompatibility" time="0.001"/>
  <testcase classname="maven_diares.MAven_single.EndtoEndapplicationTestcases" name="testSystemScalability" time="0.000"/>
  <testcase classname="maven_diares.MAven_single.EndtoEndapplicationTestcases" name="testComplianceChecks" time="0.002"/>
  <testcase classname="maven_diares.MAven_single.EndtoEndapplicationTestcases" name="testSystemMaintainability" time="0.001"/>
  <testcase classname="maven_diares.MAven_single.EndtoEndapplicationTestcases" name="testRealTimeDataProcessing" time="0.001"/>
  <testcase classname="maven_diares.MAven_single.EndtoEndapplicationTestcases" name="testSystemBackup" time="0.001"/>
  <testcase classname="maven_diares.MAven_single.EndtoEndapplicationTestcases" name="testApplicationShutdown" time="0.001"/>
  <testcase classname="maven_diares.MAven_single.EndtoEndapplicationTestcases" name="testSystemAlerting" time="0.000"/>
  <testcase classname="maven_diares.MAven_single.EndtoEndapplicationTestcases" name="testSystemTestability" time="0.000"/>
  <testcase classname="maven_diares.MAven_single.EndtoEndapplicationTestcases" name="testSystemResourceUtilization" time="0.001"/>
  <testcase classname="maven_diares.MAven_single.EndtoEndapplicationTestcases" name="testIntegrationWithLegacySystems" time="0.002"/>
  <testcase classname="maven_diares.MAven_single.EndtoEndapplicationTestcases" name="testDatarchiving" time="0.002"/>
  <testcase classname="maven_diares.MAven_single.EndtoEndapplicationTestcases" name="testConfigurationSettings" time="0.001"/>
  <testcase classname="maven_diares.MAven_single.EndtoEndapplicationTestcases" name="testDataMigration" time="0.002"/>
  <testcase classname="maven_diares.MAven_single.EndtoEndapplicationTestcases" name="testScalability" time="0.001"/>
</testsuite> <!-- maven_diares.MAven_single.EndtoEndapplicationTestcases -->
