<?xml version="1.0" encoding="UTF-8"?>
<!-- Generated by org.testng.reporters.JUnitReportReporter -->
<testsuite hostname="Mokshi" failures="0" tests="4" name="maven_diares.MAven_single.EndtoEndapplicationTestcases" time="0.017" errors="0" timestamp="2025-05-24T16:44:04 CDT" skipped="0">
  <testcase classname="maven_diares.MAven_single.EndtoEndapplicationTestcases" name="testApplicationStart" time="0.012"/>
  <testcase classname="maven_diares.MAven_single.EndtoEndapplicationTestcases" name="testUserRegistration" time="0.002"/>
  <testcase classname="maven_diares.MAven_single.EndtoEndapplicationTestcases" name="testUserLogout" time="0.001"/>
  <testcase classname="maven_diares.MAven_single.EndtoEndapplicationTestcases" name="testUserLogin" time="0.002"/>
</testsuite> <!-- maven_diares.MAven_single.EndtoEndapplicationTestcases -->
