<?xml version="1.0" encoding="UTF-8"?>
<testsuite xmlns:xsi="http://www.w3.org/2001/XMLSchema-instance" xsi:noNamespaceSchemaLocation="https://maven.apache.org/surefire/maven-surefire-plugin/xsd/surefire-test-report.xsd" version="3.0.1" name="TestSuite" time="1.177" tests="81" errors="0" skipped="0" failures="0">
  <properties>
    <property name="java.specification.version" value="22"/>
    <property name="sun.cpu.isalist" value="amd64"/>
    <property name="sun.jnu.encoding" value="Cp1252"/>
    <property name="java.class.path" value="C:\Users\Nihir\git\Maven_Single\MAven_single\target\test-classes;C:\Users\Nihir\git\Maven_Single\MAven_single\target\classes;C:\Users\Nihir\.m2\repository\org\seleniumhq\selenium\selenium-java\4.21.0\selenium-java-4.21.0.jar;C:\Users\Nihir\.m2\repository\org\seleniumhq\selenium\selenium-api\4.21.0\selenium-api-4.21.0.jar;C:\Users\Nihir\.m2\repository\org\seleniumhq\selenium\selenium-chrome-driver\4.21.0\selenium-chrome-driver-4.21.0.jar;C:\Users\Nihir\.m2\repository\com\google\auto\service\auto-service-annotations\1.1.1\auto-service-annotations-1.1.1.jar;C:\Users\Nihir\.m2\repository\org\seleniumhq\selenium\selenium-chromium-driver\4.21.0\selenium-chromium-driver-4.21.0.jar;C:\Users\Nihir\.m2\repository\org\seleniumhq\selenium\selenium-json\4.21.0\selenium-json-4.21.0.jar;C:\Users\Nihir\.m2\repository\org\seleniumhq\selenium\selenium-manager\4.21.0\selenium-manager-4.21.0.jar;C:\Users\Nihir\.m2\repository\org\seleniumhq\selenium\selenium-devtools-v123\4.21.0\selenium-devtools-v123-4.21.0.jar;C:\Users\Nihir\.m2\repository\org\seleniumhq\selenium\selenium-devtools-v124\4.21.0\selenium-devtools-v124-4.21.0.jar;C:\Users\Nihir\.m2\repository\org\seleniumhq\selenium\selenium-devtools-v125\4.21.0\selenium-devtools-v125-4.21.0.jar;C:\Users\Nihir\.m2\repository\org\seleniumhq\selenium\selenium-devtools-v85\4.21.0\selenium-devtools-v85-4.21.0.jar;C:\Users\Nihir\.m2\repository\org\seleniumhq\selenium\selenium-edge-driver\4.21.0\selenium-edge-driver-4.21.0.jar;C:\Users\Nihir\.m2\repository\org\seleniumhq\selenium\selenium-firefox-driver\4.21.0\selenium-firefox-driver-4.21.0.jar;C:\Users\Nihir\.m2\repository\org\seleniumhq\selenium\selenium-http\4.21.0\selenium-http-4.21.0.jar;C:\Users\Nihir\.m2\repository\dev\failsafe\failsafe\3.3.2\failsafe-3.3.2.jar;C:\Users\Nihir\.m2\repository\org\seleniumhq\selenium\selenium-ie-driver\4.21.0\selenium-ie-driver-4.21.0.jar;C:\Users\Nihir\.m2\repository\org\seleniumhq\selenium\selenium-remote-driver\4.21.0\selenium-remote-driver-4.21.0.jar;C:\Users\Nihir\.m2\repository\com\google\guava\guava\33.2.0-jre\guava-33.2.0-jre.jar;C:\Users\Nihir\.m2\repository\com\google\guava\failureaccess\1.0.2\failureaccess-1.0.2.jar;C:\Users\Nihir\.m2\repository\com\google\guava\listenablefuture\9999.0-empty-to-avoid-conflict-with-guava\listenablefuture-9999.0-empty-to-avoid-conflict-with-guava.jar;C:\Users\Nihir\.m2\repository\com\google\code\findbugs\jsr305\3.0.2\jsr305-3.0.2.jar;C:\Users\Nihir\.m2\repository\org\checkerframework\checker-qual\3.42.0\checker-qual-3.42.0.jar;C:\Users\Nihir\.m2\repository\com\google\errorprone\error_prone_annotations\2.26.1\error_prone_annotations-2.26.1.jar;C:\Users\Nihir\.m2\repository\com\google\j2objc\j2objc-annotations\3.0.0\j2objc-annotations-3.0.0.jar;C:\Users\Nihir\.m2\repository\io\opentelemetry\semconv\opentelemetry-semconv\1.25.0-alpha\opentelemetry-semconv-1.25.0-alpha.jar;C:\Users\Nihir\.m2\repository\io\opentelemetry\opentelemetry-api\1.38.0\opentelemetry-api-1.38.0.jar;C:\Users\Nihir\.m2\repository\io\opentelemetry\opentelemetry-context\1.38.0\opentelemetry-context-1.38.0.jar;C:\Users\Nihir\.m2\repository\io\opentelemetry\opentelemetry-exporter-logging\1.38.0\opentelemetry-exporter-logging-1.38.0.jar;C:\Users\Nihir\.m2\repository\io\opentelemetry\opentelemetry-sdk-common\1.38.0\opentelemetry-sdk-common-1.38.0.jar;C:\Users\Nihir\.m2\repository\io\opentelemetry\opentelemetry-sdk-extension-autoconfigure-spi\1.38.0\opentelemetry-sdk-extension-autoconfigure-spi-1.38.0.jar;C:\Users\Nihir\.m2\repository\io\opentelemetry\opentelemetry-sdk-extension-autoconfigure\1.38.0\opentelemetry-sdk-extension-autoconfigure-1.38.0.jar;C:\Users\Nihir\.m2\repository\io\opentelemetry\opentelemetry-api-incubator\1.38.0-alpha\opentelemetry-api-incubator-1.38.0-alpha.jar;C:\Users\Nihir\.m2\repository\io\opentelemetry\opentelemetry-sdk-trace\1.38.0\opentelemetry-sdk-trace-1.38.0.jar;C:\Users\Nihir\.m2\repository\io\opentelemetry\opentelemetry-sdk\1.38.0\opentelemetry-sdk-1.38.0.jar;C:\Users\Nihir\.m2\repository\io\opentelemetry\opentelemetry-sdk-metrics\1.38.0\opentelemetry-sdk-metrics-1.38.0.jar;C:\Users\Nihir\.m2\repository\io\opentelemetry\opentelemetry-sdk-logs\1.38.0\opentelemetry-sdk-logs-1.38.0.jar;C:\Users\Nihir\.m2\repository\net\bytebuddy\byte-buddy\1.14.15\byte-buddy-1.14.15.jar;C:\Users\Nihir\.m2\repository\org\seleniumhq\selenium\selenium-os\4.21.0\selenium-os-4.21.0.jar;C:\Users\Nihir\.m2\repository\org\apache\commons\commons-exec\1.4.0\commons-exec-1.4.0.jar;C:\Users\Nihir\.m2\repository\org\seleniumhq\selenium\selenium-safari-driver\4.21.0\selenium-safari-driver-4.21.0.jar;C:\Users\Nihir\.m2\repository\org\seleniumhq\selenium\selenium-support\4.21.0\selenium-support-4.21.0.jar;C:\Users\Nihir\.m2\repository\org\testng\testng\7.10.2\testng-7.10.2.jar;C:\Users\Nihir\.m2\repository\org\slf4j\slf4j-api\1.7.36\slf4j-api-1.7.36.jar;C:\Users\Nihir\.m2\repository\com\beust\jcommander\1.82\jcommander-1.82.jar;C:\Users\Nihir\.m2\repository\org\webjars\jquery\3.7.1\jquery-3.7.1.jar;C:\Users\Nihir\.m2\repository\io\github\bonigarcia\webdrivermanager\5.8.0\webdrivermanager-5.8.0.jar;C:\Users\Nihir\.m2\repository\com\google\code\gson\gson\2.10.1\gson-2.10.1.jar;C:\Users\Nihir\.m2\repository\com\github\docker-java\docker-java\3.3.6\docker-java-3.3.6.jar;C:\Users\Nihir\.m2\repository\com\github\docker-java\docker-java-core\3.3.6\docker-java-core-3.3.6.jar;C:\Users\Nihir\.m2\repository\com\github\docker-java\docker-java-api\3.3.6\docker-java-api-3.3.6.jar;C:\Users\Nihir\.m2\repository\com\fasterxml\jackson\core\jackson-annotations\2.10.3\jackson-annotations-2.10.3.jar;C:\Users\Nihir\.m2\repository\com\fasterxml\jackson\core\jackson-databind\2.10.3\jackson-databind-2.10.3.jar;C:\Users\Nihir\.m2\repository\com\fasterxml\jackson\core\jackson-core\2.10.3\jackson-core-2.10.3.jar;C:\Users\Nihir\.m2\repository\org\bouncycastle\bcpkix-jdk18on\1.76\bcpkix-jdk18on-1.76.jar;C:\Users\Nihir\.m2\repository\org\bouncycastle\bcprov-jdk18on\1.76\bcprov-jdk18on-1.76.jar;C:\Users\Nihir\.m2\repository\org\bouncycastle\bcutil-jdk18on\1.76\bcutil-jdk18on-1.76.jar;C:\Users\Nihir\.m2\repository\org\slf4j\jcl-over-slf4j\1.7.30\jcl-over-slf4j-1.7.30.jar;C:\Users\Nihir\.m2\repository\com\github\docker-java\docker-java-transport-httpclient5\3.3.6\docker-java-transport-httpclient5-3.3.6.jar;C:\Users\Nihir\.m2\repository\com\github\docker-java\docker-java-transport\3.3.6\docker-java-transport-3.3.6.jar;C:\Users\Nihir\.m2\repository\net\java\dev\jna\jna\5.13.0\jna-5.13.0.jar;C:\Users\Nihir\.m2\repository\org\brotli\dec\0.1.2\dec-0.1.2.jar;C:\Users\Nihir\.m2\repository\org\apache\commons\commons-lang3\3.14.0\commons-lang3-3.14.0.jar;C:\Users\Nihir\.m2\repository\org\apache\commons\commons-compress\1.26.1\commons-compress-1.26.1.jar;C:\Users\Nihir\.m2\repository\commons-codec\commons-codec\1.16.1\commons-codec-1.16.1.jar;C:\Users\Nihir\.m2\repository\commons-io\commons-io\2.15.1\commons-io-2.15.1.jar;C:\Users\Nihir\.m2\repository\org\apache\httpcomponents\client5\httpclient5\5.2.1\httpclient5-5.2.1.jar;C:\Users\Nihir\.m2\repository\org\apache\httpcomponents\core5\httpcore5\5.2\httpcore5-5.2.jar;C:\Users\Nihir\.m2\repository\org\apache\httpcomponents\core5\httpcore5-h2\5.2\httpcore5-h2-5.2.jar;C:\Users\Nihir\.m2\repository\com\aventstack\extentreports\5.1.1\extentreports-5.1.1.jar;C:\Users\Nihir\.m2\repository\io\reactivex\rxjava3\rxjava\3.1.6\rxjava-3.1.6.jar;C:\Users\Nihir\.m2\repository\org\reactivestreams\reactive-streams\1.0.4\reactive-streams-1.0.4.jar;C:\Users\Nihir\.m2\repository\org\freemarker\freemarker\2.3.32\freemarker-2.3.32.jar;C:\Users\Nihir\.m2\repository\org\projectlombok\lombok\1.18.26\lombok-1.18.26.jar;C:\Users\Nihir\.m2\repository\org\apache\logging\log4j\log4j-core\2.23.1\log4j-core-2.23.1.jar;C:\Users\Nihir\.m2\repository\org\apache\logging\log4j\log4j-api\2.23.1\log4j-api-2.23.1.jar;"/>
    <property name="java.vm.vendor" value="Oracle Corporation"/>
    <property name="sun.arch.data.model" value="64"/>
    <property name="user.variant" value=""/>
    <property name="java.vendor.url" value="https://java.oracle.com/"/>
    <property name="user.timezone" value="America/Chicago"/>
    <property name="suiteXmlFile" value="smokesuite_test.xml"/>
    <property name="os.name" value="Windows 11"/>
    <property name="java.vm.specification.version" value="22"/>
    <property name="sun.java.launcher" value="SUN_STANDARD"/>
    <property name="user.country" value="US"/>
    <property name="sun.boot.library.path" value="C:\Program Files\Java\jdk-22\bin"/>
    <property name="sun.java.command" value="C:\Users\Nihir\AppData\Local\Temp\surefire15023961761269127245\surefirebooter-20250524165653103_3.jar C:\Users\Nihir\AppData\Local\Temp\surefire15023961761269127245 2025-05-24T16-56-52_768-jvmRun1 surefire-20250524165653103_1tmp surefire_0-20250524165653103_2tmp"/>
    <property name="jdk.debug" value="release"/>
    <property name="surefire.test.class.path" value="C:\Users\Nihir\git\Maven_Single\MAven_single\target\test-classes;C:\Users\Nihir\git\Maven_Single\MAven_single\target\classes;C:\Users\Nihir\.m2\repository\org\seleniumhq\selenium\selenium-java\4.21.0\selenium-java-4.21.0.jar;C:\Users\Nihir\.m2\repository\org\seleniumhq\selenium\selenium-api\4.21.0\selenium-api-4.21.0.jar;C:\Users\Nihir\.m2\repository\org\seleniumhq\selenium\selenium-chrome-driver\4.21.0\selenium-chrome-driver-4.21.0.jar;C:\Users\Nihir\.m2\repository\com\google\auto\service\auto-service-annotations\1.1.1\auto-service-annotations-1.1.1.jar;C:\Users\Nihir\.m2\repository\org\seleniumhq\selenium\selenium-chromium-driver\4.21.0\selenium-chromium-driver-4.21.0.jar;C:\Users\Nihir\.m2\repository\org\seleniumhq\selenium\selenium-json\4.21.0\selenium-json-4.21.0.jar;C:\Users\Nihir\.m2\repository\org\seleniumhq\selenium\selenium-manager\4.21.0\selenium-manager-4.21.0.jar;C:\Users\Nihir\.m2\repository\org\seleniumhq\selenium\selenium-devtools-v123\4.21.0\selenium-devtools-v123-4.21.0.jar;C:\Users\Nihir\.m2\repository\org\seleniumhq\selenium\selenium-devtools-v124\4.21.0\selenium-devtools-v124-4.21.0.jar;C:\Users\Nihir\.m2\repository\org\seleniumhq\selenium\selenium-devtools-v125\4.21.0\selenium-devtools-v125-4.21.0.jar;C:\Users\Nihir\.m2\repository\org\seleniumhq\selenium\selenium-devtools-v85\4.21.0\selenium-devtools-v85-4.21.0.jar;C:\Users\Nihir\.m2\repository\org\seleniumhq\selenium\selenium-edge-driver\4.21.0\selenium-edge-driver-4.21.0.jar;C:\Users\Nihir\.m2\repository\org\seleniumhq\selenium\selenium-firefox-driver\4.21.0\selenium-firefox-driver-4.21.0.jar;C:\Users\Nihir\.m2\repository\org\seleniumhq\selenium\selenium-http\4.21.0\selenium-http-4.21.0.jar;C:\Users\Nihir\.m2\repository\dev\failsafe\failsafe\3.3.2\failsafe-3.3.2.jar;C:\Users\Nihir\.m2\repository\org\seleniumhq\selenium\selenium-ie-driver\4.21.0\selenium-ie-driver-4.21.0.jar;C:\Users\Nihir\.m2\repository\org\seleniumhq\selenium\selenium-remote-driver\4.21.0\selenium-remote-driver-4.21.0.jar;C:\Users\Nihir\.m2\repository\com\google\guava\guava\33.2.0-jre\guava-33.2.0-jre.jar;C:\Users\Nihir\.m2\repository\com\google\guava\failureaccess\1.0.2\failureaccess-1.0.2.jar;C:\Users\Nihir\.m2\repository\com\google\guava\listenablefuture\9999.0-empty-to-avoid-conflict-with-guava\listenablefuture-9999.0-empty-to-avoid-conflict-with-guava.jar;C:\Users\Nihir\.m2\repository\com\google\code\findbugs\jsr305\3.0.2\jsr305-3.0.2.jar;C:\Users\Nihir\.m2\repository\org\checkerframework\checker-qual\3.42.0\checker-qual-3.42.0.jar;C:\Users\Nihir\.m2\repository\com\google\errorprone\error_prone_annotations\2.26.1\error_prone_annotations-2.26.1.jar;C:\Users\Nihir\.m2\repository\com\google\j2objc\j2objc-annotations\3.0.0\j2objc-annotations-3.0.0.jar;C:\Users\Nihir\.m2\repository\io\opentelemetry\semconv\opentelemetry-semconv\1.25.0-alpha\opentelemetry-semconv-1.25.0-alpha.jar;C:\Users\Nihir\.m2\repository\io\opentelemetry\opentelemetry-api\1.38.0\opentelemetry-api-1.38.0.jar;C:\Users\Nihir\.m2\repository\io\opentelemetry\opentelemetry-context\1.38.0\opentelemetry-context-1.38.0.jar;C:\Users\Nihir\.m2\repository\io\opentelemetry\opentelemetry-exporter-logging\1.38.0\opentelemetry-exporter-logging-1.38.0.jar;C:\Users\Nihir\.m2\repository\io\opentelemetry\opentelemetry-sdk-common\1.38.0\opentelemetry-sdk-common-1.38.0.jar;C:\Users\Nihir\.m2\repository\io\opentelemetry\opentelemetry-sdk-extension-autoconfigure-spi\1.38.0\opentelemetry-sdk-extension-autoconfigure-spi-1.38.0.jar;C:\Users\Nihir\.m2\repository\io\opentelemetry\opentelemetry-sdk-extension-autoconfigure\1.38.0\opentelemetry-sdk-extension-autoconfigure-1.38.0.jar;C:\Users\Nihir\.m2\repository\io\opentelemetry\opentelemetry-api-incubator\1.38.0-alpha\opentelemetry-api-incubator-1.38.0-alpha.jar;C:\Users\Nihir\.m2\repository\io\opentelemetry\opentelemetry-sdk-trace\1.38.0\opentelemetry-sdk-trace-1.38.0.jar;C:\Users\Nihir\.m2\repository\io\opentelemetry\opentelemetry-sdk\1.38.0\opentelemetry-sdk-1.38.0.jar;C:\Users\Nihir\.m2\repository\io\opentelemetry\opentelemetry-sdk-metrics\1.38.0\opentelemetry-sdk-metrics-1.38.0.jar;C:\Users\Nihir\.m2\repository\io\opentelemetry\opentelemetry-sdk-logs\1.38.0\opentelemetry-sdk-logs-1.38.0.jar;C:\Users\Nihir\.m2\repository\net\bytebuddy\byte-buddy\1.14.15\byte-buddy-1.14.15.jar;C:\Users\Nihir\.m2\repository\org\seleniumhq\selenium\selenium-os\4.21.0\selenium-os-4.21.0.jar;C:\Users\Nihir\.m2\repository\org\apache\commons\commons-exec\1.4.0\commons-exec-1.4.0.jar;C:\Users\Nihir\.m2\repository\org\seleniumhq\selenium\selenium-safari-driver\4.21.0\selenium-safari-driver-4.21.0.jar;C:\Users\Nihir\.m2\repository\org\seleniumhq\selenium\selenium-support\4.21.0\selenium-support-4.21.0.jar;C:\Users\Nihir\.m2\repository\org\testng\testng\7.10.2\testng-7.10.2.jar;C:\Users\Nihir\.m2\repository\org\slf4j\slf4j-api\1.7.36\slf4j-api-1.7.36.jar;C:\Users\Nihir\.m2\repository\com\beust\jcommander\1.82\jcommander-1.82.jar;C:\Users\Nihir\.m2\repository\org\webjars\jquery\3.7.1\jquery-3.7.1.jar;C:\Users\Nihir\.m2\repository\io\github\bonigarcia\webdrivermanager\5.8.0\webdrivermanager-5.8.0.jar;C:\Users\Nihir\.m2\repository\com\google\code\gson\gson\2.10.1\gson-2.10.1.jar;C:\Users\Nihir\.m2\repository\com\github\docker-java\docker-java\3.3.6\docker-java-3.3.6.jar;C:\Users\Nihir\.m2\repository\com\github\docker-java\docker-java-core\3.3.6\docker-java-core-3.3.6.jar;C:\Users\Nihir\.m2\repository\com\github\docker-java\docker-java-api\3.3.6\docker-java-api-3.3.6.jar;C:\Users\Nihir\.m2\repository\com\fasterxml\jackson\core\jackson-annotations\2.10.3\jackson-annotations-2.10.3.jar;C:\Users\Nihir\.m2\repository\com\fasterxml\jackson\core\jackson-databind\2.10.3\jackson-databind-2.10.3.jar;C:\Users\Nihir\.m2\repository\com\fasterxml\jackson\core\jackson-core\2.10.3\jackson-core-2.10.3.jar;C:\Users\Nihir\.m2\repository\org\bouncycastle\bcpkix-jdk18on\1.76\bcpkix-jdk18on-1.76.jar;C:\Users\Nihir\.m2\repository\org\bouncycastle\bcprov-jdk18on\1.76\bcprov-jdk18on-1.76.jar;C:\Users\Nihir\.m2\repository\org\bouncycastle\bcutil-jdk18on\1.76\bcutil-jdk18on-1.76.jar;C:\Users\Nihir\.m2\repository\org\slf4j\jcl-over-slf4j\1.7.30\jcl-over-slf4j-1.7.30.jar;C:\Users\Nihir\.m2\repository\com\github\docker-java\docker-java-transport-httpclient5\3.3.6\docker-java-transport-httpclient5-3.3.6.jar;C:\Users\Nihir\.m2\repository\com\github\docker-java\docker-java-transport\3.3.6\docker-java-transport-3.3.6.jar;C:\Users\Nihir\.m2\repository\net\java\dev\jna\jna\5.13.0\jna-5.13.0.jar;C:\Users\Nihir\.m2\repository\org\brotli\dec\0.1.2\dec-0.1.2.jar;C:\Users\Nihir\.m2\repository\org\apache\commons\commons-lang3\3.14.0\commons-lang3-3.14.0.jar;C:\Users\Nihir\.m2\repository\org\apache\commons\commons-compress\1.26.1\commons-compress-1.26.1.jar;C:\Users\Nihir\.m2\repository\commons-codec\commons-codec\1.16.1\commons-codec-1.16.1.jar;C:\Users\Nihir\.m2\repository\commons-io\commons-io\2.15.1\commons-io-2.15.1.jar;C:\Users\Nihir\.m2\repository\org\apache\httpcomponents\client5\httpclient5\5.2.1\httpclient5-5.2.1.jar;C:\Users\Nihir\.m2\repository\org\apache\httpcomponents\core5\httpcore5\5.2\httpcore5-5.2.jar;C:\Users\Nihir\.m2\repository\org\apache\httpcomponents\core5\httpcore5-h2\5.2\httpcore5-h2-5.2.jar;C:\Users\Nihir\.m2\repository\com\aventstack\extentreports\5.1.1\extentreports-5.1.1.jar;C:\Users\Nihir\.m2\repository\io\reactivex\rxjava3\rxjava\3.1.6\rxjava-3.1.6.jar;C:\Users\Nihir\.m2\repository\org\reactivestreams\reactive-streams\1.0.4\reactive-streams-1.0.4.jar;C:\Users\Nihir\.m2\repository\org\freemarker\freemarker\2.3.32\freemarker-2.3.32.jar;C:\Users\Nihir\.m2\repository\org\projectlombok\lombok\1.18.26\lombok-1.18.26.jar;C:\Users\Nihir\.m2\repository\org\apache\logging\log4j\log4j-core\2.23.1\log4j-core-2.23.1.jar;C:\Users\Nihir\.m2\repository\org\apache\logging\log4j\log4j-api\2.23.1\log4j-api-2.23.1.jar;"/>
    <property name="sun.cpu.endian" value="little"/>
    <property name="user.home" value="C:\Users\Nihir"/>
    <property name="user.language" value="en"/>
    <property name="java.specification.vendor" value="Oracle Corporation"/>
    <property name="java.version.date" value="2024-04-16"/>
    <property name="java.home" value="C:\Program Files\Java\jdk-22"/>
    <property name="file.separator" value="\"/>
    <property name="basedir" value="C:\Users\Nihir\git\Maven_Single\MAven_single"/>
    <property name="java.vm.compressedOopsMode" value="Zero based"/>
    <property name="line.separator" value="&#10;"/>
    <property name="java.vm.specification.vendor" value="Oracle Corporation"/>
    <property name="java.specification.name" value="Java Platform API Specification"/>
    <property name="surefire.real.class.path" value="C:\Users\Nihir\AppData\Local\Temp\surefire15023961761269127245\surefirebooter-20250524165653103_3.jar"/>
    <property name="user.script" value=""/>
    <property name="sun.management.compiler" value="HotSpot 64-Bit Tiered Compilers"/>
    <property name="java.runtime.version" value="22.0.1+8-16"/>
    <property name="user.name" value="Nihir"/>
    <property name="stdout.encoding" value="Cp1252"/>
    <property name="path.separator" value=";"/>
    <property name="os.version" value="10.0"/>
    <property name="java.runtime.name" value="Java(TM) SE Runtime Environment"/>
    <property name="file.encoding" value="UTF-8"/>
    <property name="java.vm.name" value="Java HotSpot(TM) 64-Bit Server VM"/>
    <property name="localRepository" value="C:\Users\Nihir\.m2\repository"/>
    <property name="java.vendor.url.bug" value="https://bugreport.java.com/bugreport/"/>
    <property name="java.io.tmpdir" value="C:\Users\Nihir\AppData\Local\Temp\"/>
    <property name="java.version" value="22.0.1"/>
    <property name="user.dir" value="C:\Users\Nihir\git\Maven_Single\MAven_single"/>
    <property name="os.arch" value="amd64"/>
    <property name="java.vm.specification.name" value="Java Virtual Machine Specification"/>
    <property name="sun.os.patch.level" value=""/>
    <property name="native.encoding" value="Cp1252"/>
    <property name="java.library.path" value="C:\Program Files\Java\jdk-22\bin;C:\WINDOWS\Sun\Java\bin;C:\WINDOWS\system32;C:\WINDOWS;C:\Python313\Scripts\;C:\Python313\;C:\Python312\Scripts\;C:Python312\;C:\Program Files\Common Files\Oracle\Java\javapath;C:\Program Files (x86)\Common Files\Oracle\Java\java8path;C:\Program Files (x86)\Common Files\Oracle\Java\javapath;C:\Program Files\Java\jdk-22\bin;C:\Program Files (x86)\TRICENTIS\Tosca Testsuite\ToscaCommander;;C:\Program Files (x86)\TRICENTIS\Tosca Testsuite\Classic;C:\Program Files (x86)\TRICENTIS\Tosca Testsuite\Classic\dll;C:\Program Files (x86)\TRICENTIS\Tosca Testsuite\Classic\dll\GuptaEngine;C:\Program Files (x86)\TRICENTIS\Tosca Testsuite\ToscaCommander;C:\Program Files (x86)\TRICENTIS\Tosca Testsuite\Classic\dll\DelphiEngine;C:\Program Files (x86)\TRICENTIS\Tosca Testsuite\Classic\dll\PBEngine;C:\Program Files (x86)\TRICENTIS\Tosca Testsuite\Classic\dll\VBEngine;C:\Program Files (x86)\TRICENTIS\Tosca Testsuite\Classic\dll\DotNetHooking;;C:\WINDOWS\system32;C:\WINDOWS;C:\WINDOWS\System32\Wbem;C:\WINDOWS\System32\WindowsPowerShell\v1.0\;C:\WINDOWS\System32\OpenSSH\;C:\Program Files\Microsoft SQL Server\Client SDK\ODBC\170\Tools\Binn\;C:\Program Files (x86)\Microsoft SQL Server\150\Tools\Binn\;C:\Program Files\Microsoft SQL Server\150\Tools\Binn\;C:\Program Files\Microsoft SQL Server\150\DTS\Binn\;C:\Program Files (x86)\Microsoft SQL Server\150\DTS\Binn\;C:\Program Files\Azure Data Studio\bin;C:\Program Files\dotnet\;C:\Program Files (x86)\dotnet\;C:\Program Files\apache-maven-3.9.4-bin\apache-maven-3.9.4\bin;C:\Program Files\spring-boot-cli-1.3.0.M1-bin\spring-1.3.0.M1\bin;C:\Program Files\Git\cmd;C:\Program Files\Docker\Docker\resources\bin;C:\Program Files\PuTTY\;C:\Users\Nihir\AppData\Local\Android\Sdk\tools\bin;C:\Users\Nihir\AppData\Local\Android\Sdk\tools;C:\Users\Nihir\AppData\Local\Android\Sdk\platform-tools;C:\ProgramData\chocolatey\bin;&quot;C:\Windows;C:\Windows\System32;C:\Python35-37&quot;;C:\Program Files\MySQL\MySQL Utilities 1.6\;C:\Program Files\nodejs;C:\Program Files\apache-maven-3.9.4-bin\apache-maven-3.9.4;C:\Program Files\apache-maven-3.9.4-bin\apache-maven-3.9.4;C:\Program Files\Java\jdk-22;&quot;C:\Users\Nihir\AppData\Local\Android\Sdk\tools;C:\Users\Nihir\AppData\Local\Android\Sdk\tools\bin;C:\Users\Nihir\AppData\Local\Android\Sdk\platform-tools&quot;;C:\Program Files\Calibre2\;C:\Program Files\nodejs\;C:\Users\Nihir\AppData\Local\Programs\Python\Python312\Scripts\;C:\Users\Nihir\AppData\Local\Programs\Python\Python312\;C:\Users\Nihir\scoop\shims;C:\Program Files\MySQL\MySQL Shell 8.0\bin\;C:\Users\Nihir\AppData\Local\Microsoft\WindowsApps;C:\Program Files\JetBrains\PyCharm Community Edition 2024.1.3\bin;;C:\Program Files\Azure Data Studio\bin;C:\Users\Nihir\.dotnet\tools;C:\Program Files\JetBrains\IntelliJ IDEA 2024.1.4\bin;;C:\Users\Nihir\AppData\Local\Programs\Microsoft VS Code\bin;C:\Users\Nihir\AppData\Local\GitHubDesktop\bin;C:\Program Files\JetBrains\PyCharm 2024.1.3\bin;;C:\Users\Nihir\flutter\bin;C:\Users\Nihir\AppData\Local\Android\Sdk;C:\Users\Nihir\AppData\Roaming\npm;."/>
    <property name="java.vm.info" value="mixed mode, sharing"/>
    <property name="stderr.encoding" value="Cp1252"/>
    <property name="java.vendor" value="Oracle Corporation"/>
    <property name="java.vm.version" value="22.0.1+8-16"/>
    <property name="sun.io.unicode.encoding" value="UnicodeLittle"/>
    <property name="java.class.version" value="66.0"/>
  </properties>
  <testcase name="testUIComponents" classname="maven_diares.MAven_single.EndtoEndapplicationTestcases_Test" time="0.003">
    <system-out><![CDATA[Setting up the test environment.
Initializing resources before tests.
Running before class setup.
Running before each test method.
UI components tested successfully.
]]></system-out>
    <system-err><![CDATA[SLF4J: Failed to load class "org.slf4j.impl.StaticLoggerBinder".
SLF4J: Defaulting to no-operation (NOP) logger implementation
SLF4J: See http://www.slf4j.org/codes.html#StaticLoggerBinder for further details.
]]></system-err>
  </testcase>
  <testcase name="testUIComponents" classname="maven_diares.MAven_single.EndtoEndapplicationTestcases_Test" time="0.001">
    <system-out><![CDATA[Cleaning up after tests.
Running before each test method.
UI components tested successfully.
]]></system-out>
  </testcase>
  <testcase name="testUIComponents" classname="maven_diares.MAven_single.EndtoEndapplicationTestcases_Test" time="0.001">
    <system-out><![CDATA[Cleaning up after tests.
Running before each test method.
UI components tested successfully.
]]></system-out>
  </testcase>
  <testcase name="testUIComponents" classname="maven_diares.MAven_single.EndtoEndapplicationTestcases_Test" time="0.0">
    <system-out><![CDATA[Cleaning up after tests.
Running before each test method.
UI components tested successfully.
]]></system-out>
  </testcase>
  <testcase name="testUIComponents" classname="maven_diares.MAven_single.EndtoEndapplicationTestcases_Test" time="0.0">
    <system-out><![CDATA[Cleaning up after tests.
Running before each test method.
UI components tested successfully.
]]></system-out>
  </testcase>
  <testcase name="testUIComponents" classname="maven_diares.MAven_single.EndtoEndapplicationTestcases_Test" time="0.001">
    <system-out><![CDATA[Cleaning up after tests.
Running before each test method.
UI components tested successfully.
]]></system-out>
  </testcase>
  <testcase name="testUIComponents" classname="maven_diares.MAven_single.EndtoEndapplicationTestcases_Test" time="0.0">
    <system-out><![CDATA[Cleaning up after tests.
Running before each test method.
UI components tested successfully.
]]></system-out>
  </testcase>
  <testcase name="testUIComponents" classname="maven_diares.MAven_single.EndtoEndapplicationTestcases_Test" time="0.0">
    <system-out><![CDATA[Cleaning up after tests.
Running before each test method.
UI components tested successfully.
]]></system-out>
  </testcase>
  <testcase name="testUIComponents" classname="maven_diares.MAven_single.EndtoEndapplicationTestcases_Test" time="0.001">
    <system-out><![CDATA[Cleaning up after tests.
Running before each test method.
UI components tested successfully.
]]></system-out>
  </testcase>
  <testcase name="testUIComponents" classname="maven_diares.MAven_single.EndtoEndapplicationTestcases_Test" time="0.0">
    <system-out><![CDATA[Cleaning up after tests.
Running before each test method.
UI components tested successfully.
]]></system-out>
  </testcase>
  <testcase name="testAPIIntegration" classname="maven_diares.MAven_single.EndtoEndapplicationTestcases_Test" time="0.0">
    <system-out><![CDATA[Cleaning up after tests.
Running before each test method.
API integration tested successfully.
]]></system-out>
  </testcase>
  <testcase name="testAccessibilityFeatures" classname="maven_diares.MAven_single.EndtoEndapplicationTestcases_Test" time="0.001">
    <system-out><![CDATA[Cleaning up after tests.
Running before each test method.
Accessibility features tested successfully.
]]></system-out>
  </testcase>
  <testcase name="testApplicationShutdown" classname="maven_diares.MAven_single.EndtoEndapplicationTestcases_Test" time="0.001">
    <system-out><![CDATA[Cleaning up after tests.
Running before each test method.
Application shut down successfully.1
]]></system-out>
  </testcase>
  <testcase name="testApplicationStart" classname="maven_diares.MAven_single.EndtoEndapplicationTestcases_Test" time="0.008">
    <system-out><![CDATA[Cleaning up after tests.
Running before each test method.
Application started successfully.
]]></system-out>
  </testcase>
  <testcase name="testApplicationUpdate" classname="maven_diares.MAven_single.EndtoEndapplicationTestcases_Test" time="0.0">
    <system-out><![CDATA[Cleaning up after tests.
Running before each test method.
Application updated successfully.1
]]></system-out>
  </testcase>
  <testcase name="testAuditTrail" classname="maven_diares.MAven_single.EndtoEndapplicationTestcases_Test" time="0.0">
    <system-out><![CDATA[Cleaning up after tests.
Running before each test method.
Audit trail tested successfully.
]]></system-out>
  </testcase>
  <testcase name="testBackupAndRestore" classname="maven_diares.MAven_single.EndtoEndapplicationTestcases_Test" time="0.0">
    <system-out><![CDATA[Cleaning up after tests.
Running before each test method.
Backup and restore tested successfully.
]]></system-out>
  </testcase>
  <testcase name="testComplianceChecks" classname="maven_diares.MAven_single.EndtoEndapplicationTestcases_Test" time="0.0">
    <system-out><![CDATA[Cleaning up after tests.
Running before each test method.
Compliance checks tested successfully.
]]></system-out>
  </testcase>
  <testcase name="testConfigurationSettings" classname="maven_diares.MAven_single.EndtoEndapplicationTestcases_Test" time="0.0">
    <system-out><![CDATA[Cleaning up after tests.
Running before each test method.
Configuration settings tested successfully.
]]></system-out>
  </testcase>
  <testcase name="testCrossPlatformCompatibility" classname="maven_diares.MAven_single.EndtoEndapplicationTestcases_Test" time="0.0">
    <system-out><![CDATA[Cleaning up after tests.
Running before each test method.
Cross-platform compatibility tested successfully.
]]></system-out>
  </testcase>
  <testcase name="testDataBackup" classname="maven_diares.MAven_single.EndtoEndapplicationTestcases_Test" time="0.001">
    <system-out><![CDATA[Cleaning up after tests.
Running before each test method.
Data backup tested successfully.
]]></system-out>
  </testcase>
  <testcase name="testDataEncryption" classname="maven_diares.MAven_single.EndtoEndapplicationTestcases_Test" time="0.001">
    <system-out><![CDATA[Cleaning up after tests.
Running before each test method.
Data encryption tested successfully.
]]></system-out>
  </testcase>
  <testcase name="testDataMigration" classname="maven_diares.MAven_single.EndtoEndapplicationTestcases_Test" time="0.0">
    <system-out><![CDATA[Cleaning up after tests.
Running before each test method.
Data migration tested successfully.
]]></system-out>
  </testcase>
  <testcase name="testDataRetrieval" classname="maven_diares.MAven_single.EndtoEndapplicationTestcases_Test" time="0.0">
    <system-out><![CDATA[Cleaning up after tests.
Running before each test method.
Data retrieved successfully.1
]]></system-out>
  </testcase>
  <testcase name="testDataSubmission[data1, value1](1)" classname="maven_diares.MAven_single.EndtoEndapplicationTestcases_Test" time="0.005">
    <system-out><![CDATA[Cleaning up after tests.
Running before each test method.
Data submitted successfully: data1 = value1. Thread ID: 1
Data submitted successfully.1
]]></system-out>
  </testcase>
  <testcase name="testDataSubmission[data2, value2](2)" classname="maven_diares.MAven_single.EndtoEndapplicationTestcases_Test" time="0.001">
    <system-out><![CDATA[Cleaning up after tests.
Running before each test method.
Data submitted successfully: data2 = value2. Thread ID: 1
Data submitted successfully.1
]]></system-out>
  </testcase>
  <testcase name="testDataSubmission[data3, value3](3)" classname="maven_diares.MAven_single.EndtoEndapplicationTestcases_Test" time="0.001">
    <system-out><![CDATA[Cleaning up after tests.
Running before each test method.
Data submitted successfully: data3 = value3. Thread ID: 1
Data submitted successfully.1
]]></system-out>
  </testcase>
  <testcase name="testDataSynchronization" classname="maven_diares.MAven_single.EndtoEndapplicationTestcases_Test" time="0.0">
    <system-out><![CDATA[Cleaning up after tests.
Running before each test method.
Data synchronization tested successfully.
]]></system-out>
  </testcase>
  <testcase name="testDataValidation" classname="maven_diares.MAven_single.EndtoEndapplicationTestcases_Test" time="0.0">
    <system-out><![CDATA[Cleaning up after tests.
Running before each test method.
Data validation tested successfully.
]]></system-out>
  </testcase>
  <testcase name="testDatabaseConnection" classname="maven_diares.MAven_single.EndtoEndapplicationTestcases_Test" time="0.0">
    <system-out><![CDATA[Cleaning up after tests.
Running before each test method.
Database connection tested successfully.
]]></system-out>
  </testcase>
  <testcase name="testDatarchiving" classname="maven_diares.MAven_single.EndtoEndapplicationTestcases_Test" time="0.0">
    <system-out><![CDATA[Cleaning up after tests.
Running before each test method.
Data archiving tested successfully.
]]></system-out>
  </testcase>
  <testcase name="testErrorHandling" classname="maven_diares.MAven_single.EndtoEndapplicationTestcases_Test" time="0.001">
    <system-out><![CDATA[Cleaning up after tests.
Running before each test method.
Error handling tested successfully.1
]]></system-out>
  </testcase>
  <testcase name="testErrorLogging" classname="maven_diares.MAven_single.EndtoEndapplicationTestcases_Test" time="0.0">
    <system-out><![CDATA[Cleaning up after tests.
Running before each test method.
Error logging tested successfully.
]]></system-out>
  </testcase>
  <testcase name="testFeatureToggle" classname="maven_diares.MAven_single.EndtoEndapplicationTestcases_Test" time="0.0">
    <system-out><![CDATA[Cleaning up after tests.
Running before each test method.
Feature toggle tested successfully.
]]></system-out>
  </testcase>
  <testcase name="testIntegrationWithLegacySystems" classname="maven_diares.MAven_single.EndtoEndapplicationTestcases_Test" time="0.002">
    <system-out><![CDATA[Cleaning up after tests.
Running before each test method.
Integration with legacy systems tested successfully.
]]></system-out>
  </testcase>
  <testcase name="testLoadBalancing" classname="maven_diares.MAven_single.EndtoEndapplicationTestcases_Test" time="0.0">
    <system-out><![CDATA[Cleaning up after tests.
Running before each test method.
Load balancing tested successfully.
]]></system-out>
  </testcase>
  <testcase name="testLocalization" classname="maven_diares.MAven_single.EndtoEndapplicationTestcases_Test" time="0.0">
    <system-out><![CDATA[Cleaning up after tests.
Running before each test method.
Localization tested successfully.
]]></system-out>
  </testcase>
  <testcase name="testLoggingAndMonitoring" classname="maven_diares.MAven_single.EndtoEndapplicationTestcases_Test" time="0.0">
    <system-out><![CDATA[Cleaning up after tests.
Running before each test method.
Logging and monitoring tested successfully.
]]></system-out>
  </testcase>
  <testcase name="testMultiUserScenarios" classname="maven_diares.MAven_single.EndtoEndapplicationTestcases_Test" time="0.0">
    <system-out><![CDATA[Cleaning up after tests.
Running before each test method.
Multi-user scenarios tested successfully.
]]></system-out>
  </testcase>
  <testcase name="testNotificationSystem" classname="maven_diares.MAven_single.EndtoEndapplicationTestcases_Test" time="0.0">
    <system-out><![CDATA[Cleaning up after tests.
Running before each test method.
Notification system tested successfully.
]]></system-out>
  </testcase>
  <testcase name="testPerformanceMetrics" classname="maven_diares.MAven_single.EndtoEndapplicationTestcases_Test" time="0.0">
    <system-out><![CDATA[Cleaning up after tests.
Running before each test method.
Performance metrics tested successfully.1
]]></system-out>
  </testcase>
  <testcase name="testRealTimeDataProcessing" classname="maven_diares.MAven_single.EndtoEndapplicationTestcases_Test" time="0.001">
    <system-out><![CDATA[Cleaning up after tests.
Running before each test method.
Real-time data processing tested successfully.
]]></system-out>
  </testcase>
  <testcase name="testScalability" classname="maven_diares.MAven_single.EndtoEndapplicationTestcases_Test" time="0.0">
    <system-out><![CDATA[Cleaning up after tests.
Running before each test method.
Scalability tested successfully.
]]></system-out>
  </testcase>
  <testcase name="testSecurityFeatures" classname="maven_diares.MAven_single.EndtoEndapplicationTestcases_Test" time="0.001">
    <system-out><![CDATA[Cleaning up after tests.
Running before each test method.
Security features tested successfully.1
]]></system-out>
  </testcase>
  <testcase name="testSessionManagement" classname="maven_diares.MAven_single.EndtoEndapplicationTestcases_Test" time="0.0">
    <system-out><![CDATA[Cleaning up after tests.
Running before each test method.
Session management tested successfully.
]]></system-out>
  </testcase>
  <testcase name="testSystemAlerting" classname="maven_diares.MAven_single.EndtoEndapplicationTestcases_Test" time="0.0">
    <system-out><![CDATA[Cleaning up after tests.
Running before each test method.
System alerting tested successfully.
]]></system-out>
  </testcase>
  <testcase name="testSystemBackup" classname="maven_diares.MAven_single.EndtoEndapplicationTestcases_Test" time="0.0">
    <system-out><![CDATA[Cleaning up after tests.
Running before each test method.
System backup tested successfully.
]]></system-out>
  </testcase>
  <testcase name="testSystemCompatibility" classname="maven_diares.MAven_single.EndtoEndapplicationTestcases_Test" time="0.001">
    <system-out><![CDATA[Cleaning up after tests.
Running before each test method.
System compatibility tested successfully.
]]></system-out>
  </testcase>
  <testcase name="testSystemConfigurability" classname="maven_diares.MAven_single.EndtoEndapplicationTestcases_Test" time="0.0">
    <system-out><![CDATA[Cleaning up after tests.
Running before each test method.
System configurability tested successfully.
]]></system-out>
  </testcase>
  <testcase name="testSystemDeployment" classname="maven_diares.MAven_single.EndtoEndapplicationTestcases_Test" time="0.0">
    <system-out><![CDATA[Cleaning up after tests.
Running before each test method.
System deployment tested successfully.
]]></system-out>
  </testcase>
  <testcase name="testSystemDocumentation" classname="maven_diares.MAven_single.EndtoEndapplicationTestcases_Test" time="0.0">
    <system-out><![CDATA[Cleaning up after tests.
Running before each test method.
System documentation tested successfully.
]]></system-out>
  </testcase>
  <testcase name="testSystemExtensibility" classname="maven_diares.MAven_single.EndtoEndapplicationTestcases_Test" time="0.0">
    <system-out><![CDATA[Cleaning up after tests.
Running before each test method.
System extensibility tested successfully.
]]></system-out>
  </testcase>
  <testcase name="testSystemIntegration" classname="maven_diares.MAven_single.EndtoEndapplicationTestcases_Test" time="0.0">
    <system-out><![CDATA[Cleaning up after tests.
Running before each test method.
System integration tested successfully.
]]></system-out>
  </testcase>
  <testcase name="testSystemInteroperability" classname="maven_diares.MAven_single.EndtoEndapplicationTestcases_Test" time="0.0">
    <system-out><![CDATA[Cleaning up after tests.
Running before each test method.
System interoperability tested successfully.
]]></system-out>
  </testcase>
  <testcase name="testSystemMaintainability" classname="maven_diares.MAven_single.EndtoEndapplicationTestcases_Test" time="0.0">
    <system-out><![CDATA[Cleaning up after tests.
Running before each test method.
System maintainability tested successfully.
]]></system-out>
  </testcase>
  <testcase name="testSystemMigration" classname="maven_diares.MAven_single.EndtoEndapplicationTestcases_Test" time="0.0">
    <system-out><![CDATA[Cleaning up after tests.
Running before each test method.
System migration tested successfully.
]]></system-out>
  </testcase>
  <testcase name="testSystemModularity" classname="maven_diares.MAven_single.EndtoEndapplicationTestcases_Test" time="0.0">
    <system-out><![CDATA[Cleaning up after tests.
Running before each test method.
System modularity tested successfully.
]]></system-out>
  </testcase>
  <testcase name="testSystemMonitoring" classname="maven_diares.MAven_single.EndtoEndapplicationTestcases_Test" time="0.0">
    <system-out><![CDATA[Cleaning up after tests.
Running before each test method.
System monitoring tested successfully.
]]></system-out>
  </testcase>
  <testcase name="testSystemNotifications" classname="maven_diares.MAven_single.EndtoEndapplicationTestcases_Test" time="0.0">
    <system-out><![CDATA[Cleaning up after tests.
Running before each test method.
System notifications tested successfully.
]]></system-out>
  </testcase>
  <testcase name="testSystemPerformance" classname="maven_diares.MAven_single.EndtoEndapplicationTestcases_Test" time="0.0">
    <system-out><![CDATA[Cleaning up after tests.
Running before each test method.
System performance tested successfully.
]]></system-out>
  </testcase>
  <testcase name="testSystemPortability" classname="maven_diares.MAven_single.EndtoEndapplicationTestcases_Test" time="0.0">
    <system-out><![CDATA[Cleaning up after tests.
Running before each test method.
System portability tested successfully.
]]></system-out>
  </testcase>
  <testcase name="testSystemRecovery" classname="maven_diares.MAven_single.EndtoEndapplicationTestcases_Test" time="0.001">
    <system-out><![CDATA[Cleaning up after tests.
Running before each test method.
System recovery tested successfully.
]]></system-out>
  </testcase>
  <testcase name="testSystemReliability" classname="maven_diares.MAven_single.EndtoEndapplicationTestcases_Test" time="0.001">
    <system-out><![CDATA[Cleaning up after tests.
Running before each test method.
System reliability tested successfully.
]]></system-out>
  </testcase>
  <testcase name="testSystemResourceUtilization" classname="maven_diares.MAven_single.EndtoEndapplicationTestcases_Test" time="0.0">
    <system-out><![CDATA[Cleaning up after tests.
Running before each test method.
System resource utilization tested successfully.
]]></system-out>
  </testcase>
  <testcase name="testSystemRestoration" classname="maven_diares.MAven_single.EndtoEndapplicationTestcases_Test" time="0.0">
    <system-out><![CDATA[Cleaning up after tests.
Running before each test method.
System restoration tested successfully.
]]></system-out>
  </testcase>
  <testcase name="testSystemReusability" classname="maven_diares.MAven_single.EndtoEndapplicationTestcases_Test" time="0.0">
    <system-out><![CDATA[Cleaning up after tests.
Running before each test method.
System reusability tested successfully.
]]></system-out>
  </testcase>
  <testcase name="testSystemScalability" classname="maven_diares.MAven_single.EndtoEndapplicationTestcases_Test" time="0.0">
    <system-out><![CDATA[Cleaning up after tests.
Running before each test method.
System scalability tested successfully.
]]></system-out>
  </testcase>
  <testcase name="testSystemSecurity" classname="maven_diares.MAven_single.EndtoEndapplicationTestcases_Test" time="0.0">
    <system-out><![CDATA[Cleaning up after tests.
Running before each test method.
System security tested successfully.
]]></system-out>
  </testcase>
  <testcase name="testSystemTestability" classname="maven_diares.MAven_single.EndtoEndapplicationTestcases_Test" time="0.001">
    <system-out><![CDATA[Cleaning up after tests.
Running before each test method.
System testability tested successfully.
]]></system-out>
  </testcase>
  <testcase name="testSystemUsability" classname="maven_diares.MAven_single.EndtoEndapplicationTestcases_Test" time="0.0">
    <system-out><![CDATA[Cleaning up after tests.
Running before each test method.
System usability tested successfully.
]]></system-out>
  </testcase>
  <testcase name="testThirdPartyIntegrations" classname="maven_diares.MAven_single.EndtoEndapplicationTestcases_Test" time="0.0">
    <system-out><![CDATA[Cleaning up after tests.
Running before each test method.
Third-party integrations tested successfully.
]]></system-out>
  </testcase>
  <testcase name="testUserAnalytics" classname="maven_diares.MAven_single.EndtoEndapplicationTestcases_Test" time="0.0">
    <system-out><![CDATA[Cleaning up after tests.
Running before each test method.
User analytics tested successfully.
]]></system-out>
  </testcase>
  <testcase name="testUserExperience" classname="maven_diares.MAven_single.EndtoEndapplicationTestcases_Test" time="0.0">
    <system-out><![CDATA[Cleaning up after tests.
Running before each test method.
User experience tested successfully.
]]></system-out>
  </testcase>
  <testcase name="testUserFeedback" classname="maven_diares.MAven_single.EndtoEndapplicationTestcases_Test" time="0.0">
    <system-out><![CDATA[Cleaning up after tests.
Running before each test method.
User feedback tested successfully.
]]></system-out>
  </testcase>
  <testcase name="testUserInterfaceResponsiveness" classname="maven_diares.MAven_single.EndtoEndapplicationTestcases_Test" time="0.001">
    <system-out><![CDATA[Cleaning up after tests.
Running before each test method.
User interface responsiveness tested successfully.
]]></system-out>
  </testcase>
  <testcase name="testUserPreferences" classname="maven_diares.MAven_single.EndtoEndapplicationTestcases_Test" time="0.0">
    <system-out><![CDATA[Cleaning up after tests.
Running before each test method.
User preferences tested successfully.
]]></system-out>
  </testcase>
  <testcase name="testVersionControl" classname="maven_diares.MAven_single.EndtoEndapplicationTestcases_Test" time="0.0">
    <system-out><![CDATA[Cleaning up after tests.
Running before each test method.
Version control tested successfully.
]]></system-out>
  </testcase>
  <testcase name="testSystemLogging" classname="maven_diares.MAven_single.EndtoEndapplicationTestcases_Test" time="0.0">
    <system-out><![CDATA[Cleaning up after tests.
Running before each test method.
System logging tested successfully.
]]></system-out>
  </testcase>
  <testcase name="testUserLogin[Sriram, password](1)" classname="maven_diares.MAven_single.EndtoEndapplicationTestcases_Test" time="0.0">
    <system-out><![CDATA[Cleaning up after tests.
Running before each test method.
User logged in successfully with %S and %s.Sriram password
]]></system-out>
  </testcase>
  <testcase name="testUserRegistration" classname="maven_diares.MAven_single.EndtoEndapplicationTestcases_Test" time="0.0">
    <system-out><![CDATA[Cleaning up after tests.
Running before each test method.
User registered successfully.1
]]></system-out>
  </testcase>
  <testcase name="testUserLogout" classname="maven_diares.MAven_single.EndtoEndapplicationTestcases_Test" time="0.0">
    <system-out><![CDATA[Cleaning up after tests.
Running before each test method.
User logged out successfully.
]]></system-out>
  </testcase>
</testsuite>